#
# There is insufficient memory for the Java Runtime Environment to continue.
# Native memory allocation (malloc) failed to allocate 1017216 bytes for Chunk::new
# Possible reasons:
#   The system is out of physical RAM or swap space
#   In 32 bit mode, the process size limit was hit
# Possible solutions:
#   Reduce memory load on the system
#   Increase physical memory or swap space
#   Check if swap backing store is full
#   Use 64 bit Java on a 64 bit OS
#   Decrease Java heap size (-Xmx/-Xms)
#   Decrease number of Java threads
#   Decrease Java thread stack sizes (-Xss)
#   Set larger code cache with -XX:ReservedCodeCacheSize=
# This output file may be truncated or incomplete.
#
#  Out of Memory Error (allocation.cpp:390), pid=5636, tid=4380
#
# JRE version: Java(TM) SE Runtime Environment (8.0_60-b27) (build 1.8.0_60-b27)
# Java VM: Java HotSpot(TM) 64-Bit Server VM (25.60-b23 mixed mode windows-amd64 compressed oops)
# Failed to write core dump. Minidumps are not enabled by default on client versions of Windows
#

---------------  T H R E A D  ---------------

Current thread (0x00000000150a4800):  JavaThread "C2 CompilerThread0" daemon [_thread_in_native, id=4380, stack(0x00000000160d0000,0x00000000161d0000)]

Stack: [0x00000000160d0000,0x00000000161d0000]
[error occurred during error reporting (printing stack bounds), id 0xc0000005]

Native frames: (J=compiled Java code, j=interpreted, Vv=VM code, C=native code)


Current CompileTask:
C2:  48811 2878       4       com.android.dx.dex.file.CodeItem::addContents (174 bytes)


---------------  P R O C E S S  ---------------

Java Threads: ( => current thread )
  0x0000000015101800 JavaThread "Service Thread" daemon [_thread_blocked, id=9116, stack(0x00000000162d0000,0x00000000163d0000)]
  0x00000000150a9000 JavaThread "C1 CompilerThread1" daemon [_thread_blocked, id=9184, stack(0x00000000161d0000,0x00000000162d0000)]
=>0x00000000150a4800 JavaThread "C2 CompilerThread0" daemon [_thread_in_native, id=4380, stack(0x00000000160d0000,0x00000000161d0000)]
  0x00000000150a2000 JavaThread "Attach Listener" daemon [_thread_blocked, id=11176, stack(0x0000000015fd0000,0x00000000160d0000)]
  0x00000000150a1000 JavaThread "Signal Dispatcher" daemon [_thread_blocked, id=10800, stack(0x0000000015ed0000,0x0000000015fd0000)]
  0x0000000002bff000 JavaThread "Finalizer" daemon [_thread_blocked, id=6512, stack(0x0000000015cf0000,0x0000000015df0000)]
  0x0000000002bfc800 JavaThread "Reference Handler" daemon [_thread_blocked, id=10436, stack(0x0000000015bf0000,0x0000000015cf0000)]
  0x0000000002b12800 JavaThread "main" [_thread_in_Java, id=6592, stack(0x0000000002910000,0x0000000002a10000)]

Other Threads:
  0x0000000015067800 VMThread [stack: 0x0000000015af0000,0x0000000015bf0000] [id=6380]
  0x000000001510f000 WatcherThread [stack: 0x00000000163d0000,0x00000000164d0000] [id=5016]

VM state:not at safepoint (normal execution)

VM Mutex/Monitor currently owned by a thread: None

Heap:
 PSYoungGen      total 240128K, used 123965K [0x00000000eab00000, 0x0000000100000000, 0x0000000100000000)
  eden space 138752K, 67% used [0x00000000eab00000,0x00000000f06814c8,0x00000000f3280000)
  from space 101376K, 29% used [0x00000000f9280000,0x00000000fb00e1a8,0x00000000ff580000)
  to   space 98304K, 0% used [0x00000000f3280000,0x00000000f3280000,0x00000000f9280000)
 ParOldGen       total 365056K, used 244541K [0x00000000c0000000, 0x00000000d6480000, 0x00000000eab00000)
  object space 365056K, 66% used [0x00000000c0000000,0x00000000ceecf510,0x00000000d6480000)
 Metaspace       used 6528K, capacity 7320K, committed 7680K, reserved 1056768K
  class space    used 618K, capacity 656K, committed 768K, reserved 1048576K

Card table byte_map: [0x0000000011fd0000,0x00000000121e0000] byte_map_base: 0x00000000119d0000

Marking Bits: (ParMarkBitMap*) 0x00000000702fa5b0
 Begin Bits: [0x0000000012540000, 0x0000000013540000)
 End Bits:   [0x0000000013540000, 0x0000000014540000)

Polling page: 0x0000000002840000

CodeCache: size=245760Kb used=10739Kb max_used=10755Kb free=235020Kb
 bounds [0x0000000002c10000, 0x00000000036a0000, 0x0000000011c10000]
 total_blobs=2522 nmethods=2253 adapters=182
 compilation: enabled

Compilation events (10 events):
Event: 48.497 Thread 0x00000000150a4800 nmethod 2870 0x0000000003690d50 code [0x0000000003690ea0, 0x00000000036912d8]
Event: 48.516 Thread 0x00000000150a9000 2874       3       com.android.dx.rop.cst.CstNat::equals (48 bytes)
Event: 48.516 Thread 0x00000000150a9000 nmethod 2874 0x0000000003692650 code [0x0000000003692820, 0x0000000003693218]
Event: 48.517 Thread 0x00000000150a4800 2875  s    4       com.android.dx.dex.file.FieldIdsSection::intern (55 bytes)
Event: 48.550 Thread 0x00000000150a9000 2877       3       com.android.dx.dex.file.DexFile::internIfAppropriate (128 bytes)
Event: 48.551 Thread 0x00000000150a9000 nmethod 2877 0x0000000003687650 code [0x0000000003687900, 0x0000000003689138]
Event: 48.567 Thread 0x00000000150a4800 nmethod 2875 0x0000000003699e10 code [0x000000000369a060, 0x000000000369b7f0]
Event: 48.568 Thread 0x00000000150a4800 2878       4       com.android.dx.dex.file.CodeItem::addContents (174 bytes)
Event: 48.586 Thread 0x00000000150a9000 2881       3       com.android.dx.rop.code.SwitchInsn::getCatches (4 bytes)
Event: 48.586 Thread 0x00000000150a9000 nmethod 2881 0x0000000003692310 code [0x0000000003692460, 0x00000000036925b0]

GC Heap History (10 events):
Event: 35.347 GC heap before
{Heap before GC invocations=23 (full 4):
 PSYoungGen      total 227328K, used 186607K [0x00000000eab00000, 0x00000000fee00000, 0x0000000100000000)
  eden space 127488K, 100% used [0x00000000eab00000,0x00000000f2780000,0x00000000f2780000)
  from space 99840K, 59% used [0x00000000f8a00000,0x00000000fc3bbc58,0x00000000feb80000)
  to   space 100864K, 0% used [0x00000000f2780000,0x00000000f2780000,0x00000000f8a00000)
 ParOldGen       total 286720K, used 161571K [0x00000000c0000000, 0x00000000d1800000, 0x00000000eab00000)
  object space 286720K, 56% used [0x00000000c0000000,0x00000000c9dc8f38,0x00000000d1800000)
 Metaspace       used 6394K, capacity 7256K, committed 7424K, reserved 1056768K
  class space    used 611K, capacity 656K, committed 768K, reserved 1048576K
Event: 36.787 GC heap after
Heap after GC invocations=23 (full 4):
 PSYoungGen      total 228352K, used 75039K [0x00000000eab00000, 0x0000000100000000, 0x0000000100000000)
  eden space 127488K, 0% used [0x00000000eab00000,0x00000000eab00000,0x00000000f2780000)
  from space 100864K, 74% used [0x00000000f2780000,0x00000000f70c7eb8,0x00000000f8a00000)
  to   space 107008K, 0% used [0x00000000f9780000,0x00000000f9780000,0x0000000100000000)
 ParOldGen       total 286720K, used 198135K [0x00000000c0000000, 0x00000000d1800000, 0x00000000eab00000)
  object space 286720K, 69% used [0x00000000c0000000,0x00000000cc17de00,0x00000000d1800000)
 Metaspace       used 6394K, capacity 7256K, committed 7424K, reserved 1056768K
  class space    used 611K, capacity 656K, committed 768K, reserved 1048576K
}
Event: 38.152 GC heap before
{Heap before GC invocations=24 (full 4):
 PSYoungGen      total 228352K, used 202527K [0x00000000eab00000, 0x0000000100000000, 0x0000000100000000)
  eden space 127488K, 100% used [0x00000000eab00000,0x00000000f2780000,0x00000000f2780000)
  from space 100864K, 74% used [0x00000000f2780000,0x00000000f70c7eb8,0x00000000f8a00000)
  to   space 107008K, 0% used [0x00000000f9780000,0x00000000f9780000,0x0000000100000000)
 ParOldGen       total 286720K, used 198135K [0x00000000c0000000, 0x00000000d1800000, 0x00000000eab00000)
  object space 286720K, 69% used [0x00000000c0000000,0x00000000cc17de00,0x00000000d1800000)
 Metaspace       used 6394K, capacity 7256K, committed 7424K, reserved 1056768K
  class space    used 611K, capacity 656K, committed 768K, reserved 1048576K
Event: 39.378 GC heap after
Heap after GC invocations=24 (full 4):
 PSYoungGen      total 242688K, used 60683K [0x00000000eab00000, 0x0000000100000000, 0x0000000100000000)
  eden space 135680K, 0% used [0x00000000eab00000,0x00000000eab00000,0x00000000f2f80000)
  from space 107008K, 56% used [0x00000000f9780000,0x00000000fd2c2ce0,0x0000000100000000)
  to   space 106496K, 0% used [0x00000000f2f80000,0x00000000f2f80000,0x00000000f9780000)
 ParOldGen       total 286720K, used 270164K [0x00000000c0000000, 0x00000000d1800000, 0x00000000eab00000)
  object space 286720K, 94% used [0x00000000c0000000,0x00000000d07d51c8,0x00000000d1800000)
 Metaspace       used 6394K, capacity 7256K, committed 7424K, reserved 1056768K
  class space    used 611K, capacity 656K, committed 768K, reserved 1048576K
}
Event: 39.378 GC heap before
{Heap before GC invocations=25 (full 5):
 PSYoungGen      total 242688K, used 60683K [0x00000000eab00000, 0x0000000100000000, 0x0000000100000000)
  eden space 135680K, 0% used [0x00000000eab00000,0x00000000eab00000,0x00000000f2f80000)
  from space 107008K, 56% used [0x00000000f9780000,0x00000000fd2c2ce0,0x0000000100000000)
  to   space 106496K, 0% used [0x00000000f2f80000,0x00000000f2f80000,0x00000000f9780000)
 ParOldGen       total 286720K, used 270164K [0x00000000c0000000, 0x00000000d1800000, 0x00000000eab00000)
  object space 286720K, 94% used [0x00000000c0000000,0x00000000d07d51c8,0x00000000d1800000)
 Metaspace       used 6394K, capacity 7256K, committed 7424K, reserved 1056768K
  class space    used 611K, capacity 656K, committed 768K, reserved 1048576K
Event: 44.542 GC heap after
Heap after GC invocations=25 (full 5):
 PSYoungGen      total 242688K, used 0K [0x00000000eab00000, 0x0000000100000000, 0x0000000100000000)
  eden space 135680K, 0% used [0x00000000eab00000,0x00000000eab00000,0x00000000f2f80000)
  from space 107008K, 0% used [0x00000000f9780000,0x00000000f9780000,0x0000000100000000)
  to   space 106496K, 0% used [0x00000000f2f80000,0x00000000f2f80000,0x00000000f9780000)
 ParOldGen       total 365056K, used 201722K [0x00000000c0000000, 0x00000000d6480000, 0x00000000eab00000)
  object space 365056K, 55% used [0x00000000c0000000,0x00000000cc4fe818,0x00000000d6480000)
 Metaspace       used 6394K, capacity 7256K, committed 7424K, reserved 1056768K
  class space    used 611K, capacity 656K, committed 768K, reserved 1048576K
}
Event: 45.694 GC heap before
{Heap before GC invocations=26 (full 5):
 PSYoungGen      total 242688K, used 135680K [0x00000000eab00000, 0x0000000100000000, 0x0000000100000000)
  eden space 135680K, 100% used [0x00000000eab00000,0x00000000f2f80000,0x00000000f2f80000)
  from space 107008K, 0% used [0x00000000f9780000,0x00000000f9780000,0x0000000100000000)
  to   space 106496K, 0% used [0x00000000f2f80000,0x00000000f2f80000,0x00000000f9780000)
 ParOldGen       total 365056K, used 201722K [0x00000000c0000000, 0x00000000d6480000, 0x00000000eab00000)
  object space 365056K, 55% used [0x00000000c0000000,0x00000000cc4fe818,0x00000000d6480000)
 Metaspace       used 6394K, capacity 7256K, committed 7424K, reserved 1056768K
  class space    used 611K, capacity 656K, committed 768K, reserved 1048576K
Event: 46.046 GC heap after
Heap after GC invocations=26 (full 5):
 PSYoungGen      total 180224K, used 44390K [0x00000000eab00000, 0x00000000ff580000, 0x0000000100000000)
  eden space 135680K, 0% used [0x00000000eab00000,0x00000000eab00000,0x00000000f2f80000)
  from space 44544K, 99% used [0x00000000f2f80000,0x00000000f5ad9aa8,0x00000000f5b00000)
  to   space 101376K, 0% used [0x00000000f9280000,0x00000000f9280000,0x00000000ff580000)
 ParOldGen       total 365056K, used 201722K [0x00000000c0000000, 0x00000000d6480000, 0x00000000eab00000)
  object space 365056K, 55% used [0x00000000c0000000,0x00000000cc4fe818,0x00000000d6480000)
 Metaspace       used 6394K, capacity 7256K, committed 7424K, reserved 1056768K
  class space    used 611K, capacity 656K, committed 768K, reserved 1048576K
}
Event: 47.129 GC heap before
{Heap before GC invocations=27 (full 5):
 PSYoungGen      total 180224K, used 180070K [0x00000000eab00000, 0x00000000ff580000, 0x0000000100000000)
  eden space 135680K, 100% used [0x00000000eab00000,0x00000000f2f80000,0x00000000f2f80000)
  from space 44544K, 99% used [0x00000000f2f80000,0x00000000f5ad9aa8,0x00000000f5b00000)
  to   space 101376K, 0% used [0x00000000f9280000,0x00000000f9280000,0x00000000ff580000)
 ParOldGen       total 365056K, used 201722K [0x00000000c0000000, 0x00000000d6480000, 0x00000000eab00000)
  object space 365056K, 55% used [0x00000000c0000000,0x00000000cc4fe818,0x00000000d6480000)
 Metaspace       used 6416K, capacity 7256K, committed 7424K, reserved 1056768K
  class space    used 611K, capacity 656K, committed 768K, reserved 1048576K
Event: 47.394 GC heap after
Heap after GC invocations=27 (full 5):
 PSYoungGen      total 240128K, used 30264K [0x00000000eab00000, 0x0000000100000000, 0x0000000100000000)
  eden space 138752K, 0% used [0x00000000eab00000,0x00000000eab00000,0x00000000f3280000)
  from space 101376K, 29% used [0x00000000f9280000,0x00000000fb00e1a8,0x00000000ff580000)
  to   space 98304K, 0% used [0x00000000f3280000,0x00000000f3280000,0x00000000f9280000)
 ParOldGen       total 365056K, used 244541K [0x00000000c0000000, 0x00000000d6480000, 0x00000000eab00000)
  object space 365056K, 66% used [0x00000000c0000000,0x00000000ceecf510,0x00000000d6480000)
 Metaspace       used 6416K, capacity 7256K, committed 7424K, reserved 1056768K
  class space    used 611K, capacity 656K, committed 768K, reserved 1048576K
}

Deoptimization events (10 events):
Event: 47.874 Thread 0x000000001670d800 Uncommon trap: reason=class_check action=maybe_recompile pc=0x0000000003008748 method=com.android.dx.ssa.SCCP.replaceConstants()V @ 127
Event: 48.032 Thread 0x0000000016709000 Uncommon trap: reason=null_check action=make_not_entrant pc=0x00000000031b306c method=com.android.dx.ssa.SsaRenamer.getLocalForNewReg(I)Lcom/android/dx/rop/code/LocalItem; @ 19
Event: 48.032 Thread 0x0000000016709000 Uncommon trap: reason=null_check action=make_not_entrant pc=0x0000000003218bd4 method=com.android.dx.ssa.SsaRenamer.getLocalForNewReg(I)Lcom/android/dx/rop/code/LocalItem; @ 19
Event: 48.045 Thread 0x0000000016709000 Uncommon trap: reason=unstable_if action=reinterpret pc=0x0000000003460f38 method=com.android.dx.ssa.SsaInsn.getLocalAssignment()Lcom/android/dx/rop/code/RegisterSpec; @ 14
Event: 48.045 Thread 0x0000000016709000 Uncommon trap: reason=unstable_if action=reinterpret pc=0x0000000002e0b730 method=com.android.dx.ssa.back.FirstFitLocalCombiningAllocator.tryMapRegs(Ljava/util/ArrayList;IIZ)Z @ 83
Event: 48.184 Thread 0x0000000002b12800 Uncommon trap: reason=class_check action=maybe_recompile pc=0x0000000003366a48 method=java.util.Arrays.hashCode([Ljava/lang/Object;)I @ 43
Event: 48.184 Thread 0x0000000002b12800 Uncommon trap: reason=class_check action=maybe_recompile pc=0x0000000003366a48 method=java.util.Arrays.hashCode([Ljava/lang/Object;)I @ 43
Event: 48.184 Thread 0x0000000002b12800 Uncommon trap: reason=class_check action=maybe_recompile pc=0x0000000003366a48 method=java.util.Arrays.hashCode([Ljava/lang/Object;)I @ 43
Event: 48.184 Thread 0x0000000002b12800 Uncommon trap: reason=class_check action=maybe_recompile pc=0x0000000003366a48 method=java.util.Arrays.hashCode([Ljava/lang/Object;)I @ 43
Event: 48.184 Thread 0x0000000002b12800 Uncommon trap: reason=class_check action=maybe_recompile pc=0x000000000322fa74 method=java.util.Arrays.hashCode([Ljava/lang/Object;)I @ 43

Internal exceptions (7 events):
Event: 0.079 Thread 0x0000000002b12800 Exception <a 'java/lang/NoSuchMethodError': Method sun.misc.Unsafe.defineClass(Ljava/lang/String;[BII)Ljava/lang/Class; name or signature does not match> (0x00000000eab0dfc0) thrown at [C:\re\workspace\8-2-build-windows-amd64-cygwin\jdk8u60\4407\hotspot\sr ˜,3í<´?
Event: 0.079 Thread 0x0000000002b12800 Exception <a 'java/lang/NoSuchMethodError': Method sun.misc.Unsafe.prefetchRead(Ljava/lang/Object;J)V name or signature does not match> (0x00000000eab0e2a8) thrown at [C:\re\workspace\8-2-build-windows-amd64-cygwin\jdk8u60\4407\hotspot\src\share\vm\prims\j|ÀŸ7/@
Event: 6.546 Thread 0x000000001670a000 Exception <a 'java/lang/ArrayIndexOutOfBoundsException': 18> (0x00000000ed3b0e08) thrown at [C:\re\workspace\8-2-build-windows-amd64-cygwin\jdk8u60\4407\hotspot\src\share\vm\interpreter\interpreterRuntime.cpp, line 366]
Event: 6.547 Thread 0x000000001670a000 Exception <a 'java/lang/ArrayIndexOutOfBoundsException'> (0x00000000ed3b2988) thrown at [C:\re\workspace\8-2-build-windows-amd64-cygwin\jdk8u60\4407\hotspot\src\share\vm\runtime\sharedRuntime.cpp, line 605]
Event: 6.548 Thread 0x000000001670a000 Exception <a 'java/lang/ArrayIndexOutOfBoundsException'> (0x00000000ed3b3c88) thrown at [C:\re\workspace\8-2-build-windows-amd64-cygwin\jdk8u60\4407\hotspot\src\share\vm\runtime\sharedRuntime.cpp, line 605]
Event: 48.032 Thread 0x0000000016709000 Implicit null exception at 0x00000000031b1f00 to 0x00000000031b301d
Event: 48.032 Thread 0x0000000016709000 Implicit null exception at 0x0000000003217806 to 0x0000000003218bad

Events (10 events):
Event: 48.447 Thread 0x0000000002b12800 DEOPT PACKING pc=0x0000000003676da1 sp=0x0000000002a0ece0
Event: 48.447 Thread 0x0000000002b12800 DEOPT UNPACKING pc=0x0000000002c5747f sp=0x0000000002a0ea70 mode 0
Event: 48.449 Thread 0x0000000002b12800 DEOPT PACKING pc=0x0000000003676da1 sp=0x0000000002a0ece0
Event: 48.449 Thread 0x0000000002b12800 DEOPT UNPACKING pc=0x0000000002c5747f sp=0x0000000002a0ea70 mode 0
Event: 48.452 Thread 0x0000000002b12800 DEOPT PACKING pc=0x0000000003676da1 sp=0x0000000002a0ece0
Event: 48.452 Thread 0x0000000002b12800 DEOPT UNPACKING pc=0x0000000002c5747f sp=0x0000000002a0ea70 mode 0
Event: 48.454 Thread 0x0000000002b12800 DEOPT PACKING pc=0x0000000003676da1 sp=0x0000000002a0ece0
Event: 48.454 Thread 0x0000000002b12800 DEOPT UNPACKING pc=0x0000000002c5747f sp=0x0000000002a0ea70 mode 0
Event: 48.457 Thread 0x0000000002b12800 DEOPT PACKING pc=0x0000000003676da1 sp=0x0000000002a0ece0
Event: 48.457 Thread 0x0000000002b12800 DEOPT UNPACKING pc=0x0000000002c5747f sp=0x0000000002a0ea70 mode 0


Dynamic libraries:
0x00007ff78dd00000 - 0x00007ff78dd37000 	C:\Program Files\Java\jdk1.8.0_60\bin\java.exe
0x00007ffc9d5b0000 - 0x00007ffc9d771000 	C:\WINDOWS\SYSTEM32\ntdll.dll
0x00007ffc9d500000 - 0x00007ffc9d5ad000 	C:\WINDOWS\system32\KERNEL32.DLL
0x00007ffc9a6a0000 - 0x00007ffc9a888000 	C:\WINDOWS\system32\KERNELBASE.dll
0x00007ffc9cf00000 - 0x00007ffc9cfa7000 	C:\WINDOWS\system32\ADVAPI32.dll
0x00007ffc9af40000 - 0x00007ffc9afdd000 	C:\WINDOWS\system32\msvcrt.dll
0x00007ffc9d240000 - 0x00007ffc9d29b000 	C:\WINDOWS\system32\sechost.dll
0x00007ffc9c870000 - 0x00007ffc9c98c000 	C:\WINDOWS\system32\RPCRT4.dll
0x00007ffc9cb20000 - 0x00007ffc9cc76000 	C:\WINDOWS\system32\USER32.dll
0x00007ffc9c990000 - 0x00007ffc9cb16000 	C:\WINDOWS\system32\GDI32.dll
0x00007ffc8ffe0000 - 0x00007ffc90254000 	C:\WINDOWS\WinSxS\amd64_microsoft.windows.common-controls_6595b64144ccf1df_6.0.10586.589_none_a2ddb3caa539acce\COMCTL32.dll
0x00007ffc9cc80000 - 0x00007ffc9cefd000 	C:\WINDOWS\system32\combase.dll
0x00007ffc99c40000 - 0x00007ffc99caa000 	C:\WINDOWS\system32\bcryptPrimitives.dll
0x00007ffc9d4c0000 - 0x00007ffc9d4fb000 	C:\WINDOWS\system32\IMM32.DLL
0x0000000070380000 - 0x0000000070452000 	C:\Program Files\Java\jdk1.8.0_60\jre\bin\msvcr100.dll
0x000000006faf0000 - 0x0000000070379000 	C:\Program Files\Java\jdk1.8.0_60\jre\bin\server\jvm.dll
0x00007ffc9af10000 - 0x00007ffc9af18000 	C:\WINDOWS\system32\PSAPI.DLL
0x00007ffc86830000 - 0x00007ffc86839000 	C:\WINDOWS\SYSTEM32\WSOCK32.dll
0x00007ffc9b120000 - 0x00007ffc9b18b000 	C:\WINDOWS\system32\WS2_32.dll
0x00007ffc982e0000 - 0x00007ffc98303000 	C:\WINDOWS\SYSTEM32\WINMM.dll
0x00007ffc8ef60000 - 0x00007ffc8ef6a000 	C:\WINDOWS\SYSTEM32\VERSION.dll
0x00007ffc98280000 - 0x00007ffc982ac000 	C:\WINDOWS\SYSTEM32\WINMMBASE.dll
0x00007ffc9a890000 - 0x00007ffc9a8d3000 	C:\WINDOWS\system32\cfgmgr32.dll
0x000000006fae0000 - 0x000000006faef000 	C:\Program Files\Java\jdk1.8.0_60\jre\bin\verify.dll
0x000000006fab0000 - 0x000000006fad9000 	C:\Program Files\Java\jdk1.8.0_60\jre\bin\java.dll
0x000000006fa90000 - 0x000000006faa6000 	C:\Program Files\Java\jdk1.8.0_60\jre\bin\zip.dll
0x00007ffc9b310000 - 0x00007ffc9c86c000 	C:\WINDOWS\system32\SHELL32.dll
0x00007ffc99ff0000 - 0x00007ffc9a635000 	C:\WINDOWS\system32\windows.storage.dll
0x00007ffc9cfd0000 - 0x00007ffc9d022000 	C:\WINDOWS\system32\shlwapi.dll
0x00007ffc99c30000 - 0x00007ffc99c3f000 	C:\WINDOWS\system32\kernel.appcore.dll
0x00007ffc99d60000 - 0x00007ffc99e15000 	C:\WINDOWS\system32\shcore.dll
0x00007ffc99bb0000 - 0x00007ffc99bfb000 	C:\WINDOWS\system32\powrprof.dll
0x00007ffc99c10000 - 0x00007ffc99c24000 	C:\WINDOWS\system32\profapi.dll

VM Arguments:
jvm_args: -Djava.awt.headless=true -Xmx1024M -Dfile.encoding=windows-1252 -Duser.country=US -Duser.language=en -Duser.variant 
java_command: com.android.dx.command.Main --dex --num-threads=4 --output C:\Users\Eziaha Ada Ekwuribe\Desktop\myProjects\Paperstack\android\app\build\intermediates\pre-dexed\debug\com.google.android.gms-play-services-ads-8.3.0_cc899f46551f0a30d0fa22dafc707eb7e2224749.jar C:\Users\Eziaha Ada Ekwuribe\Desktop\myProjects\Paperstack\android\app\build\intermediates\exploded-aar\com.google.android.gms\play-services-ads\8.3.0\jars\classes.jar
java_class_path (initial): C:\Android\sdk1\build-tools\23.0.1\lib\dx.jar
Launcher Type: SUN_STANDARD

Environment Variables:
JAVA_HOME=C:\Program Files\Java\jdk1.8.0_60
CLASSPATH=C:\Users\Eziaha Ada Ekwuribe\Desktop\myProjects\Paperstack\android\\gradle\wrapper\gradle-wrapper.jar
PATH=C:\Users\Eziaha Ada Ekwuribe\Desktop\cmder\bin;C:\Users\Eziaha Ada Ekwuribe\Desktop\cmder\vendor\conemu-maximus5\ConEmu\Scripts;C:\Users\Eziaha Ada Ekwuribe\Desktop\cmder\vendor\conemu-maximus5;C:\Users\Eziaha Ada Ekwuribe\Desktop\cmder\vendor\conemu-maximus5\ConEmu;C:\ProgramData\Oracle\Java\javapath;C:\Program Files (x86)\PC Connectivity Solution\;C:\Program Files\Common Files\Microsoft Shared\Windows Live;C:\Program Files (x86)\Common Files\Microsoft Shared\Windows Live;C:\WINDOWS\system32;C:\WINDOWS;C:\WINDOWS\System32\Wbem;C:\WINDOWS\System32\WindowsPowerShell\v1.0\;C:\Program Files (x86)\Windows Live\Shared;C:\Program Files (x86)\QuickTime\QTSystem\;C:\Program Files\Microsoft SQL Server\110\DTS\Binn\;C:\Program Files (x86)\Microsoft SQL Server\110\Tools\Binn\;C:\Program Files\Microsoft SQL Server\110\Tools\Binn\;C:\Program Files (x86)\Microsoft SQL Server\110\Tools\Binn\ManagementStudio\;C:\Program Files (x86)\Microsoft Visual Studio 10.0\Common7\IDE\PrivateAssemblies\;C:\Program Files (x86)\Microsoft SQL Server\110\DTS\Binn\;C:\Users\Eziaha Ada Ekwuribe\AppData\Roaming\npm;C:\adb;C:\WINDOWS\system32;C:\WINDOWS;C:\WINDOWS\System32\Wbem;C:\WINDOWS\System32\WindowsPowerShell\v1.0\;C:\Program Files (x86)\Common Files\lenovo\easyplussdk\bin;C:\Program Files\Git\cmd;C:\Program Files (x86)\Windows Kits\8.1\Windows Performance Toolkit\;C:\Program Files (x86)\nodejs\;C:\Android;C:\Windows\System32;C:\Program Files\Git\bin\git.exe;C:\Users\Eziaha Ada Ekwuribe\AppData\Local\atom\bin;C:\Users\Eziaha Ada Ekwuribe\AppData\Roaming\npm;C:\Android\sdk1\platform-tools;C:\Android\sdk1\tools;C:\Program Files\Heroku\bin;C:\Program Files\Microsoft VS Code\bin;C:\Program Files\Git\usr\bin;C:\Program Files\Git\usr\share\vim\vim74;C:\Users\Eziaha Ada Ekwuribe\Desktop\cmder\
USERNAME=Eziaha Ada Ekwuribe
OS=Windows_NT
PROCESSOR_IDENTIFIER=Intel64 Family 6 Model 42 Stepping 7, GenuineIntel



---------------  S Y S T E M  ---------------

OS: Windows 10.0 , 64 bit Build 10586 (10.0.10586.589)

CPU:total 2 (2 cores per cpu, 1 threads per core) family 6 model 42 stepping 7, cmov, cx8, fxsr, mmx, sse, sse2, sse3, ssse3, sse4.1, sse4.2, popcnt, clmul, tsc, tscinvbit

Memory: 4k page, physical 4042604k(402528k free), swap 7188332k(5232k free)

vm_info: Java HotSpot(TM) 64-Bit Server VM (25.60-b23) for windows-amd64 JRE (1.8.0_60-b27), built on Aug  4 2015 11:06:27 by "java_re" with MS VC++ 10.0 (VS2010)

time: Fri Dec 29 11:22:22 2017
elapsed time: 48 seconds (0d 0h 0m 48s)

