#
# There is insufficient memory for the Java Runtime Environment to continue.
# Native memory allocation (malloc) failed to allocate 169440 bytes for Chunk::new
# Possible reasons:
#   The system is out of physical RAM or swap space
#   In 32 bit mode, the process size limit was hit
# Possible solutions:
#   Reduce memory load on the system
#   Increase physical memory or swap space
#   Check if swap backing store is full
#   Use 64 bit Java on a 64 bit OS
#   Decrease Java heap size (-Xmx/-Xms)
#   Decrease number of Java threads
#   Decrease Java thread stack sizes (-Xss)
#   Set larger code cache with -XX:ReservedCodeCacheSize=
# This output file may be truncated or incomplete.
#
#  Out of Memory Error (allocation.cpp:390), pid=3612, tid=9772
#
# JRE version: Java(TM) SE Runtime Environment (8.0_60-b27) (build 1.8.0_60-b27)
# Java VM: Java HotSpot(TM) 64-Bit Server VM (25.60-b23 mixed mode windows-amd64 compressed oops)
# Failed to write core dump. Minidumps are not enabled by default on client versions of Windows
#

---------------  T H R E A D  ---------------

Current thread (0x0000000014974000):  JavaThread "C2 CompilerThread0" daemon [_thread_in_native, id=9772, stack(0x00000000158b0000,0x00000000159b0000)]

Stack: [0x00000000158b0000,0x00000000159b0000]
[error occurred during error reporting (printing stack bounds), id 0xc0000005]

Native frames: (J=compiled Java code, j=interpreted, Vv=VM code, C=native code)


Current CompileTask:
C2:  17425 1995       4       com.android.dx.rop.code.LocalVariableExtractor::processBlock (327 bytes)


---------------  P R O C E S S  ---------------

Java Threads: ( => current thread )
  0x0000000015f32800 JavaThread "pool-1-thread-4" [_thread_blocked, id=2820, stack(0x00000000164b0000,0x00000000165b0000)]
  0x0000000015f31800 JavaThread "pool-1-thread-3" [_thread_in_Java, id=5780, stack(0x00000000163b0000,0x00000000164b0000)]
  0x0000000015f31000 JavaThread "pool-1-thread-2" [_thread_blocked, id=4660, stack(0x00000000162b0000,0x00000000163b0000)]
  0x0000000015f2e000 JavaThread "pool-2-thread-1" [_thread_blocked, id=11212, stack(0x00000000161b0000,0x00000000162b0000)]
  0x0000000015f2b800 JavaThread "pool-1-thread-1" [_thread_blocked, id=6804, stack(0x00000000160b0000,0x00000000161b0000)]
  0x00000000149d7000 JavaThread "Service Thread" daemon [_thread_blocked, id=2428, stack(0x0000000015ab0000,0x0000000015bb0000)]
  0x00000000149d0000 JavaThread "C1 CompilerThread1" daemon [_thread_blocked, id=8932, stack(0x00000000159b0000,0x0000000015ab0000)]
=>0x0000000014974000 JavaThread "C2 CompilerThread0" daemon [_thread_in_native, id=9772, stack(0x00000000158b0000,0x00000000159b0000)]
  0x0000000014972000 JavaThread "Attach Listener" daemon [_thread_blocked, id=3164, stack(0x00000000157b0000,0x00000000158b0000)]
  0x0000000014970800 JavaThread "Signal Dispatcher" daemon [_thread_blocked, id=11032, stack(0x00000000156b0000,0x00000000157b0000)]
  0x00000000024cf000 JavaThread "Finalizer" daemon [_thread_blocked, id=8868, stack(0x00000000155b0000,0x00000000156b0000)]
  0x00000000024cc800 JavaThread "Reference Handler" daemon [_thread_blocked, id=10596, stack(0x00000000154b0000,0x00000000155b0000)]
  0x00000000023e2800 JavaThread "main" [_thread_in_native, id=2580, stack(0x0000000002180000,0x0000000002280000)]

Other Threads:
  0x0000000014937800 VMThread [stack: 0x00000000153b0000,0x00000000154b0000] [id=9760]
  0x00000000149fd000 WatcherThread [stack: 0x0000000015bb0000,0x0000000015cb0000] [id=5928]

VM state:not at safepoint (normal execution)

VM Mutex/Monitor currently owned by a thread: None

Heap:
 PSYoungGen      total 139776K, used 20317K [0x00000000eab00000, 0x00000000f4900000, 0x0000000100000000)
  eden space 121856K, 6% used [0x00000000eab00000,0x00000000eb264190,0x00000000f2200000)
  from space 17920K, 71% used [0x00000000f2200000,0x00000000f2e732b8,0x00000000f3380000)
  to   space 13824K, 0% used [0x00000000f3380000,0x00000000f3380000,0x00000000f4100000)
 ParOldGen       total 45056K, used 44735K [0x00000000c0000000, 0x00000000c2c00000, 0x00000000eab00000)
  object space 45056K, 99% used [0x00000000c0000000,0x00000000c2baff60,0x00000000c2c00000)
 Metaspace       used 6247K, capacity 7216K, committed 7296K, reserved 1056768K
  class space    used 603K, capacity 616K, committed 640K, reserved 1048576K

Card table byte_map: [0x00000000118a0000,0x0000000011ab0000] byte_map_base: 0x00000000112a0000

Marking Bits: (ParMarkBitMap*) 0x00000000702fa5b0
 Begin Bits: [0x0000000011e10000, 0x0000000012e10000)
 End Bits:   [0x0000000012e10000, 0x0000000013e10000)

Polling page: 0x0000000000610000

CodeCache: size=245760Kb used=8805Kb max_used=8834Kb free=236954Kb
 bounds [0x00000000024e0000, 0x0000000002d90000, 0x00000000114e0000]
 total_blobs=2170 nmethods=1907 adapters=176
 compilation: enabled

Compilation events (10 events):
Event: 13.000 Thread 0x00000000149d0000 1997       1       com.android.dx.rop.code.Insn$BaseVisitor::visitThrowingInsn (1 bytes)
Event: 13.000 Thread 0x00000000149d0000 nmethod 1997 0x0000000002d4a410 code [0x0000000002d4a560, 0x0000000002d4a670]
Event: 13.013 Thread 0x0000000014974000 nmethod 1943 0x0000000002d7ac50 code [0x0000000002d7b8a0, 0x0000000002d82548]
Event: 13.013 Thread 0x0000000014974000 1995       4       com.android.dx.rop.code.LocalVariableExtractor::processBlock (327 bytes)
Event: 17.375 Thread 0x00000000149d0000 1998       1       java.lang.ref.Reference::access$100 (4 bytes)
Event: 17.375 Thread 0x00000000149d0000 nmethod 1998 0x0000000002d59010 code [0x0000000002d59160, 0x0000000002d59250]
Event: 17.375 Thread 0x00000000149d0000 1999       1       java.lang.ref.Finalizer::access$000 (4 bytes)
Event: 17.376 Thread 0x00000000149d0000 nmethod 1999 0x0000000002d58d90 code [0x0000000002d58ee0, 0x0000000002d58fd0]
Event: 17.397 Thread 0x00000000149d0000 2000       2       com.android.dx.util.BitIntSet::elements (8 bytes)
Event: 17.397 Thread 0x00000000149d0000 nmethod 2000 0x0000000002d588d0 code [0x0000000002d58a40, 0x0000000002d58c48]

GC Heap History (10 events):
Event: 7.190 GC heap before
{Heap before GC invocations=6 (full 0):
 PSYoungGen      total 34304K, used 34304K [0x00000000eab00000, 0x00000000ef900000, 0x0000000100000000)
  eden space 31744K, 100% used [0x00000000eab00000,0x00000000eca00000,0x00000000eca00000)
  from space 2560K, 100% used [0x00000000eca00000,0x00000000ecc80000,0x00000000ecc80000)
  to   space 8192K, 0% used [0x00000000ef100000,0x00000000ef100000,0x00000000ef900000)
 ParOldGen       total 42496K, used 15468K [0x00000000c0000000, 0x00000000c2980000, 0x00000000eab00000)
  object space 42496K, 36% used [0x00000000c0000000,0x00000000c0f1b398,0x00000000c2980000)
 Metaspace       used 6095K, capacity 7152K, committed 7296K, reserved 1056768K
  class space    used 582K, capacity 616K, committed 640K, reserved 1048576K
Event: 7.324 GC heap after
Heap after GC invocations=6 (full 0):
 PSYoungGen      total 71168K, used 7441K [0x00000000eab00000, 0x00000000efa00000, 0x0000000100000000)
  eden space 62976K, 0% used [0x00000000eab00000,0x00000000eab00000,0x00000000ee880000)
  from space 8192K, 90% used [0x00000000ef100000,0x00000000ef844510,0x00000000ef900000)
  to   space 8704K, 0% used [0x00000000ee880000,0x00000000ee880000,0x00000000ef100000)
 ParOldGen       total 42496K, used 15468K [0x00000000c0000000, 0x00000000c2980000, 0x00000000eab00000)
  object space 42496K, 36% used [0x00000000c0000000,0x00000000c0f1b398,0x00000000c2980000)
 Metaspace       used 6095K, capacity 7152K, committed 7296K, reserved 1056768K
  class space    used 582K, capacity 616K, committed 640K, reserved 1048576K
}
Event: 8.574 GC heap before
{Heap before GC invocations=7 (full 0):
 PSYoungGen      total 71168K, used 70417K [0x00000000eab00000, 0x00000000efa00000, 0x0000000100000000)
  eden space 62976K, 100% used [0x00000000eab00000,0x00000000ee880000,0x00000000ee880000)
  from space 8192K, 90% used [0x00000000ef100000,0x00000000ef844510,0x00000000ef900000)
  to   space 8704K, 0% used [0x00000000ee880000,0x00000000ee880000,0x00000000ef100000)
 ParOldGen       total 42496K, used 15468K [0x00000000c0000000, 0x00000000c2980000, 0x00000000eab00000)
  object space 42496K, 36% used [0x00000000c0000000,0x00000000c0f1b398,0x00000000c2980000)
 Metaspace       used 6211K, capacity 7216K, committed 7296K, reserved 1056768K
  class space    used 602K, capacity 616K, committed 640K, reserved 1048576K
Event: 8.848 GC heap after
Heap after GC invocations=7 (full 0):
 PSYoungGen      total 71680K, used 8692K [0x00000000eab00000, 0x00000000f4100000, 0x0000000100000000)
  eden space 62976K, 0% used [0x00000000eab00000,0x00000000eab00000,0x00000000ee880000)
  from space 8704K, 99% used [0x00000000ee880000,0x00000000ef0fd090,0x00000000ef100000)
  to   space 13824K, 0% used [0x00000000f3380000,0x00000000f3380000,0x00000000f4100000)
 ParOldGen       total 42496K, used 23836K [0x00000000c0000000, 0x00000000c2980000, 0x00000000eab00000)
  object space 42496K, 56% used [0x00000000c0000000,0x00000000c1747040,0x00000000c2980000)
 Metaspace       used 6211K, capacity 7216K, committed 7296K, reserved 1056768K
  class space    used 602K, capacity 616K, committed 640K, reserved 1048576K
}
Event: 10.574 GC heap before
{Heap before GC invocations=8 (full 0):
 PSYoungGen      total 71680K, used 71668K [0x00000000eab00000, 0x00000000f4100000, 0x0000000100000000)
  eden space 62976K, 100% used [0x00000000eab00000,0x00000000ee880000,0x00000000ee880000)
  from space 8704K, 99% used [0x00000000ee880000,0x00000000ef0fd090,0x00000000ef100000)
  to   space 13824K, 0% used [0x00000000f3380000,0x00000000f3380000,0x00000000f4100000)
 ParOldGen       total 42496K, used 23836K [0x00000000c0000000, 0x00000000c2980000, 0x00000000eab00000)
  object space 42496K, 56% used [0x00000000c0000000,0x00000000c1747040,0x00000000c2980000)
 Metaspace       used 6232K, capacity 7216K, committed 7296K, reserved 1056768K
  class space    used 603K, capacity 616K, committed 640K, reserved 1048576K
Event: 10.694 GC heap after
Heap after GC invocations=8 (full 0):
 PSYoungGen      total 135680K, used 13809K [0x00000000eab00000, 0x00000000f4900000, 0x0000000100000000)
  eden space 121856K, 0% used [0x00000000eab00000,0x00000000eab00000,0x00000000f2200000)
  from space 13824K, 99% used [0x00000000f3380000,0x00000000f40fc518,0x00000000f4100000)
  to   space 17920K, 0% used [0x00000000f2200000,0x00000000f2200000,0x00000000f3380000)
 ParOldGen       total 42496K, used 28403K [0x00000000c0000000, 0x00000000c2980000, 0x00000000eab00000)
  object space 42496K, 66% used [0x00000000c0000000,0x00000000c1bbcc48,0x00000000c2980000)
 Metaspace       used 6232K, capacity 7216K, committed 7296K, reserved 1056768K
  class space    used 603K, capacity 616K, committed 640K, reserved 1048576K
}
Event: 13.041 GC heap before
{Heap before GC invocations=9 (full 0):
 PSYoungGen      total 135680K, used 135665K [0x00000000eab00000, 0x00000000f4900000, 0x0000000100000000)
  eden space 121856K, 100% used [0x00000000eab00000,0x00000000f2200000,0x00000000f2200000)
  from space 13824K, 99% used [0x00000000f3380000,0x00000000f40fc518,0x00000000f4100000)
  to   space 17920K, 0% used [0x00000000f2200000,0x00000000f2200000,0x00000000f3380000)
 ParOldGen       total 42496K, used 28403K [0x00000000c0000000, 0x00000000c2980000, 0x00000000eab00000)
  object space 42496K, 66% used [0x00000000c0000000,0x00000000c1bbcc48,0x00000000c2980000)
 Metaspace       used 6246K, capacity 7216K, committed 7296K, reserved 1056768K
  class space    used 603K, capacity 616K, committed 640K, reserved 1048576K
Event: 13.336 GC heap after
Heap after GC invocations=9 (full 0):
 PSYoungGen      total 139776K, used 17911K [0x00000000eab00000, 0x00000000f4900000, 0x0000000100000000)
  eden space 121856K, 0% used [0x00000000eab00000,0x00000000eab00000,0x00000000f2200000)
  from space 17920K, 99% used [0x00000000f2200000,0x00000000f337df00,0x00000000f3380000)
  to   space 13824K, 0% used [0x00000000f3380000,0x00000000f3380000,0x00000000f4100000)
 ParOldGen       total 45056K, used 44972K [0x00000000c0000000, 0x00000000c2c00000, 0x00000000eab00000)
  object space 45056K, 99% used [0x00000000c0000000,0x00000000c2beb320,0x00000000c2c00000)
 Metaspace       used 6246K, capacity 7216K, committed 7296K, reserved 1056768K
  class space    used 603K, capacity 616K, committed 640K, reserved 1048576K
}
Event: 13.336 GC heap before
{Heap before GC invocations=10 (full 1):
 PSYoungGen      total 139776K, used 17911K [0x00000000eab00000, 0x00000000f4900000, 0x0000000100000000)
  eden space 121856K, 0% used [0x00000000eab00000,0x00000000eab00000,0x00000000f2200000)
  from space 17920K, 99% used [0x00000000f2200000,0x00000000f337df00,0x00000000f3380000)
  to   space 13824K, 0% used [0x00000000f3380000,0x00000000f3380000,0x00000000f4100000)
 ParOldGen       total 45056K, used 44972K [0x00000000c0000000, 0x00000000c2c00000, 0x00000000eab00000)
  object space 45056K, 99% used [0x00000000c0000000,0x00000000c2beb320,0x00000000c2c00000)
 Metaspace       used 6246K, capacity 7216K, committed 7296K, reserved 1056768K
  class space    used 603K, capacity 616K, committed 640K, reserved 1048576K
Event: 17.274 GC heap after
Heap after GC invocations=10 (full 1):
 PSYoungGen      total 139776K, used 12748K [0x00000000eab00000, 0x00000000f4900000, 0x0000000100000000)
  eden space 121856K, 0% used [0x00000000eab00000,0x00000000eab00000,0x00000000f2200000)
  from space 17920K, 71% used [0x00000000f2200000,0x00000000f2e732b8,0x00000000f3380000)
  to   space 13824K, 0% used [0x00000000f3380000,0x00000000f3380000,0x00000000f4100000)
 ParOldGen       total 45056K, used 44735K [0x00000000c0000000, 0x00000000c2c00000, 0x00000000eab00000)
  object space 45056K, 99% used [0x00000000c0000000,0x00000000c2baff60,0x00000000c2c00000)
 Metaspace       used 6246K, capacity 7216K, committed 7296K, reserved 1056768K
  class space    used 603K, capacity 616K, committed 640K, reserved 1048576K
}

Deoptimization events (10 events):
Event: 7.724 Thread 0x0000000015f2b800 Uncommon trap: reason=unstable_if action=reinterpret pc=0x00000000028baa70 method=java.util.HashMap.putVal(ILjava/lang/Object;Ljava/lang/Object;ZZ)Ljava/lang/Object; @ 162
Event: 7.880 Thread 0x0000000015f31000 Uncommon trap: reason=unstable_if action=reinterpret pc=0x000000000290b010 method=java.util.HashMap.getNode(ILjava/lang/Object;)Ljava/util/HashMap$Node; @ 84
Event: 9.663 Thread 0x0000000015f2b800 Uncommon trap: reason=class_check action=maybe_recompile pc=0x0000000002b36150 method=java.util.HashMap.putVal(ILjava/lang/Object;Ljava/lang/Object;ZZ)Ljava/lang/Object; @ 203
Event: 9.663 Thread 0x0000000015f2b800 Uncommon trap: reason=bimorphic action=maybe_recompile pc=0x00000000027fc86c method=java.util.HashMap.getNode(ILjava/lang/Object;)Ljava/util/HashMap$Node; @ 126
Event: 9.663 Thread 0x0000000015f2b800 Uncommon trap: reason=bimorphic action=maybe_recompile pc=0x00000000027fc86c method=java.util.HashMap.getNode(ILjava/lang/Object;)Ljava/util/HashMap$Node; @ 126
Event: 9.866 Thread 0x0000000015f31800 Uncommon trap: reason=unstable_if action=reinterpret pc=0x0000000002b49448 method=com.android.dx.ssa.LiteralOpUpgrader$1.visitNonMoveInsn(Lcom/android/dx/ssa/NormalSsaInsn;)V @ 55
Event: 9.867 Thread 0x0000000015f31800 Uncommon trap: reason=unstable_if action=reinterpret pc=0x000000000298f59c method=com.android.dx.ssa.SsaMethod.updateOneDefinition(Lcom/android/dx/ssa/SsaInsn;Lcom/android/dx/rop/code/RegisterSpec;)V @ 4
Event: 10.438 Thread 0x00000000023e2800 Uncommon trap: reason=class_check action=maybe_recompile pc=0x0000000002b36150 method=java.util.HashMap.putVal(ILjava/lang/Object;Ljava/lang/Object;ZZ)Ljava/lang/Object; @ 203
Event: 10.449 Thread 0x0000000015f32800 Uncommon trap: reason=unstable_if action=reinterpret pc=0x0000000002cd1738 method=com.android.dx.cf.code.RopperMachine.run(Lcom/android/dx/cf/code/Frame;II)V @ 1500
Event: 11.860 Thread 0x0000000015f31800 Uncommon trap: reason=class_check action=maybe_recompile pc=0x0000000002c88ad8 method=com.android.dx.ssa.SCCP.replaceConstants()V @ 182

Internal exceptions (6 events):
Event: 0.869 Thread 0x00000000023e2800 Exception <a 'java/lang/NoSuchMethodError': Method sun.misc.Unsafe.defineClass(Ljava/lang/String;[BII)Ljava/lang/Class; name or signature does not match> (0x00000000eab0e120) thrown at [C:\re\workspace\8-2-build-windows-amd64-cygwin\jdk8u60\4407\hotspot\sr€EF9ˇŒÎ?
Event: 0.869 Thread 0x00000000023e2800 Exception <a 'java/lang/NoSuchMethodError': Method sun.misc.Unsafe.prefetchRead(Ljava/lang/Object;J)V name or signature does not match> (0x00000000eab0e408) thrown at [C:\re\workspace\8-2-build-windows-amd64-cygwin\jdk8u60\4407\hotspot\src\share\vm\prims\j1≈Ì÷ÁÔ@
Event: 5.984 Thread 0x0000000015f31800 Implicit null exception at 0x0000000002b2ecda to 0x0000000002b2edcf
Event: 7.726 Thread 0x0000000015f2b800 Exception <a 'java/lang/ArrayIndexOutOfBoundsException': 18> (0x00000000ec727048) thrown at [C:\re\workspace\8-2-build-windows-amd64-cygwin\jdk8u60\4407\hotspot\src\share\vm\interpreter\interpreterRuntime.cpp, line 366]
Event: 7.855 Thread 0x0000000015f2b800 Exception <a 'java/lang/ArrayIndexOutOfBoundsException'> (0x00000000ec728bc8) thrown at [C:\re\workspace\8-2-build-windows-amd64-cygwin\jdk8u60\4407\hotspot\src\share\vm\runtime\sharedRuntime.cpp, line 605]
Event: 7.856 Thread 0x0000000015f2b800 Exception <a 'java/lang/ArrayIndexOutOfBoundsException'> (0x00000000ec729eb0) thrown at [C:\re\workspace\8-2-build-windows-amd64-cygwin\jdk8u60\4407\hotspot\src\share\vm\runtime\sharedRuntime.cpp, line 605]

Events (10 events):
Event: 12.802 Thread 0x0000000015f31000 DEOPT PACKING pc=0x00000000028943a3 sp=0x00000000163aedd0
Event: 12.802 Thread 0x0000000015f31000 DEOPT UNPACKING pc=0x000000000252747f sp=0x00000000163aeb28 mode 0
Event: 12.858 Thread 0x0000000015f2b800 DEOPT PACKING pc=0x00000000028a32a8 sp=0x00000000161aeaf0
Event: 12.858 Thread 0x0000000015f2b800 DEOPT UNPACKING pc=0x000000000252747f sp=0x00000000161ae850 mode 0
Event: 13.009 Thread 0x0000000015f2b800 DEOPT PACKING pc=0x0000000002bf95dc sp=0x00000000161aebf0
Event: 13.009 Thread 0x0000000015f2b800 DEOPT UNPACKING pc=0x000000000252747f sp=0x00000000161ae9a8 mode 0
Event: 13.028 Thread 0x0000000015f31800 DEOPT PACKING pc=0x00000000028a32a8 sp=0x00000000164aeb10
Event: 13.028 Thread 0x0000000015f31800 DEOPT UNPACKING pc=0x000000000252747f sp=0x00000000164ae870 mode 0
Event: 13.041 Executing VM operation: ParallelGCFailedAllocation
Event: 17.274 Executing VM operation: ParallelGCFailedAllocation done


Dynamic libraries:
0x00007ff78dd00000 - 0x00007ff78dd37000 	C:\Program Files\Java\jdk1.8.0_60\bin\java.exe
0x00007ffc9d5b0000 - 0x00007ffc9d771000 	C:\WINDOWS\SYSTEM32\ntdll.dll
0x00007ffc9d500000 - 0x00007ffc9d5ad000 	C:\WINDOWS\system32\KERNEL32.DLL
0x00007ffc9a6a0000 - 0x00007ffc9a888000 	C:\WINDOWS\system32\KERNELBASE.dll
0x00007ffc9cf00000 - 0x00007ffc9cfa7000 	C:\WINDOWS\system32\ADVAPI32.dll
0x00007ffc9af40000 - 0x00007ffc9afdd000 	C:\WINDOWS\system32\msvcrt.dll
0x00007ffc9d240000 - 0x00007ffc9d29b000 	C:\WINDOWS\system32\sechost.dll
0x00007ffc9c870000 - 0x00007ffc9c98c000 	C:\WINDOWS\system32\RPCRT4.dll
0x00007ffc9cb20000 - 0x00007ffc9cc76000 	C:\WINDOWS\system32\USER32.dll
0x00007ffc9c990000 - 0x00007ffc9cb16000 	C:\WINDOWS\system32\GDI32.dll
0x00007ffc8ffe0000 - 0x00007ffc90254000 	C:\WINDOWS\WinSxS\amd64_microsoft.windows.common-controls_6595b64144ccf1df_6.0.10586.589_none_a2ddb3caa539acce\COMCTL32.dll
0x00007ffc9cc80000 - 0x00007ffc9cefd000 	C:\WINDOWS\system32\combase.dll
0x00007ffc99c40000 - 0x00007ffc99caa000 	C:\WINDOWS\system32\bcryptPrimitives.dll
0x00007ffc9d4c0000 - 0x00007ffc9d4fb000 	C:\WINDOWS\system32\IMM32.DLL
0x0000000070380000 - 0x0000000070452000 	C:\Program Files\Java\jdk1.8.0_60\jre\bin\msvcr100.dll
0x000000006faf0000 - 0x0000000070379000 	C:\Program Files\Java\jdk1.8.0_60\jre\bin\server\jvm.dll
0x00007ffc9af10000 - 0x00007ffc9af18000 	C:\WINDOWS\system32\PSAPI.DLL
0x00007ffc86830000 - 0x00007ffc86839000 	C:\WINDOWS\SYSTEM32\WSOCK32.dll
0x00007ffc9b120000 - 0x00007ffc9b18b000 	C:\WINDOWS\system32\WS2_32.dll
0x00007ffc982e0000 - 0x00007ffc98303000 	C:\WINDOWS\SYSTEM32\WINMM.dll
0x00007ffc8ef60000 - 0x00007ffc8ef6a000 	C:\WINDOWS\SYSTEM32\VERSION.dll
0x00007ffc98280000 - 0x00007ffc982ac000 	C:\WINDOWS\SYSTEM32\WINMMBASE.dll
0x00007ffc9a890000 - 0x00007ffc9a8d3000 	C:\WINDOWS\system32\cfgmgr32.dll
0x000000006fae0000 - 0x000000006faef000 	C:\Program Files\Java\jdk1.8.0_60\jre\bin\verify.dll
0x000000006fab0000 - 0x000000006fad9000 	C:\Program Files\Java\jdk1.8.0_60\jre\bin\java.dll
0x000000006fa90000 - 0x000000006faa6000 	C:\Program Files\Java\jdk1.8.0_60\jre\bin\zip.dll
0x00007ffc9b310000 - 0x00007ffc9c86c000 	C:\WINDOWS\system32\SHELL32.dll
0x00007ffc99ff0000 - 0x00007ffc9a635000 	C:\WINDOWS\system32\windows.storage.dll
0x00007ffc9cfd0000 - 0x00007ffc9d022000 	C:\WINDOWS\system32\shlwapi.dll
0x00007ffc99c30000 - 0x00007ffc99c3f000 	C:\WINDOWS\system32\kernel.appcore.dll
0x00007ffc99d60000 - 0x00007ffc99e15000 	C:\WINDOWS\system32\shcore.dll
0x00007ffc99bb0000 - 0x00007ffc99bfb000 	C:\WINDOWS\system32\powrprof.dll
0x00007ffc99c10000 - 0x00007ffc99c24000 	C:\WINDOWS\system32\profapi.dll

VM Arguments:
jvm_args: -Djava.awt.headless=true -Xmx1024M -Dfile.encoding=windows-1252 -Duser.country=US -Duser.language=en -Duser.variant 
java_command: com.android.dx.command.Main --dex --num-threads=4 --output C:\Users\Eziaha Ada Ekwuribe\Desktop\myProjects\Paperstack\android\app\build\intermediates\pre-dexed\debug\com.facebook.react-react-native-0.50.3_85d7d9944e7a211e546f6ebf40da60ace6d9556d.jar C:\Users\Eziaha Ada Ekwuribe\Desktop\myProjects\Paperstack\android\app\build\intermediates\exploded-aar\com.facebook.react\react-native\0.50.3\jars\classes.jar
java_class_path (initial): C:\Android\sdk1\build-tools\23.0.1\lib\dx.jar
Launcher Type: SUN_STANDARD

Environment Variables:
JAVA_HOME=C:\Program Files\Java\jdk1.8.0_60
CLASSPATH=C:\Users\Eziaha Ada Ekwuribe\Desktop\myProjects\Paperstack\android\\gradle\wrapper\gradle-wrapper.jar
PATH=C:\Users\Eziaha Ada Ekwuribe\Desktop\cmder\bin;C:\Users\Eziaha Ada Ekwuribe\Desktop\cmder\vendor\conemu-maximus5\ConEmu\Scripts;C:\Users\Eziaha Ada Ekwuribe\Desktop\cmder\vendor\conemu-maximus5;C:\Users\Eziaha Ada Ekwuribe\Desktop\cmder\vendor\conemu-maximus5\ConEmu;C:\ProgramData\Oracle\Java\javapath;C:\Program Files (x86)\PC Connectivity Solution\;C:\Program Files\Common Files\Microsoft Shared\Windows Live;C:\Program Files (x86)\Common Files\Microsoft Shared\Windows Live;C:\WINDOWS\system32;C:\WINDOWS;C:\WINDOWS\System32\Wbem;C:\WINDOWS\System32\WindowsPowerShell\v1.0\;C:\Program Files (x86)\Windows Live\Shared;C:\Program Files (x86)\QuickTime\QTSystem\;C:\Program Files\Microsoft SQL Server\110\DTS\Binn\;C:\Program Files (x86)\Microsoft SQL Server\110\Tools\Binn\;C:\Program Files\Microsoft SQL Server\110\Tools\Binn\;C:\Program Files (x86)\Microsoft SQL Server\110\Tools\Binn\ManagementStudio\;C:\Program Files (x86)\Microsoft Visual Studio 10.0\Common7\IDE\PrivateAssemblies\;C:\Program Files (x86)\Microsoft SQL Server\110\DTS\Binn\;C:\Users\Eziaha Ada Ekwuribe\AppData\Roaming\npm;C:\adb;C:\WINDOWS\system32;C:\WINDOWS;C:\WINDOWS\System32\Wbem;C:\WINDOWS\System32\WindowsPowerShell\v1.0\;C:\Program Files (x86)\Common Files\lenovo\easyplussdk\bin;C:\Program Files\Git\cmd;C:\Program Files (x86)\Windows Kits\8.1\Windows Performance Toolkit\;C:\Program Files (x86)\nodejs\;C:\Android;C:\Windows\System32;C:\Program Files\Git\bin\git.exe;C:\Users\Eziaha Ada Ekwuribe\AppData\Local\atom\bin;C:\Users\Eziaha Ada Ekwuribe\AppData\Roaming\npm;C:\Android\sdk1\platform-tools;C:\Android\sdk1\tools;C:\Program Files\Heroku\bin;C:\Program Files\Microsoft VS Code\bin;C:\Program Files\Git\usr\bin;C:\Program Files\Git\usr\share\vim\vim74;C:\Users\Eziaha Ada Ekwuribe\Desktop\cmder\
USERNAME=Eziaha Ada Ekwuribe
OS=Windows_NT
PROCESSOR_IDENTIFIER=Intel64 Family 6 Model 42 Stepping 7, GenuineIntel



---------------  S Y S T E M  ---------------

OS: Windows 10.0 , 64 bit Build 10586 (10.0.10586.589)

CPU:total 2 (2 cores per cpu, 1 threads per core) family 6 model 42 stepping 7, cmov, cx8, fxsr, mmx, sse, sse2, sse3, ssse3, sse4.1, sse4.2, popcnt, clmul, tsc, tscinvbit

Memory: 4k page, physical 4042604k(402588k free), swap 7188332k(3220k free)

vm_info: Java HotSpot(TM) 64-Bit Server VM (25.60-b23) for windows-amd64 JRE (1.8.0_60-b27), built on Aug  4 2015 11:06:27 by "java_re" with MS VC++ 10.0 (VS2010)

time: Fri Dec 29 11:22:22 2017
elapsed time: 17 seconds (0d 0h 0m 17s)

